#-----------------------------------------------------------
# Vivado v2025.1 (64-bit)
# SW Build 6140274 on Thu May 22 00:12:29 MDT 2025
# IP Build 6138677 on Thu May 22 03:10:11 MDT 2025
# SharedData Build 6139179 on Tue May 20 17:58:58 MDT 2025
# Start of session at: Sun Jan 18 14:19:58 2026
# Process ID         : 28996
# Current directory  : C:/Users/rapha/OneDrive/Dokumente/Schule/.Diplomarbeit/WaelederCpuGit/WaelderCPU/waelderCPU_Vivado
# Command line       : vivado.exe -gui_launcher_event rodinguilauncherevent27100 C:\Users\rapha\OneDrive\Dokumente\Schule\.Diplomarbeit\WaelederCpuGit\WaelderCPU\waelderCPU_Vivado\waelderCPU.xpr
# Log file           : C:/Users/rapha/OneDrive/Dokumente/Schule/.Diplomarbeit/WaelederCpuGit/WaelderCPU/waelderCPU_Vivado/vivado.log
# Journal file       : C:/Users/rapha/OneDrive/Dokumente/Schule/.Diplomarbeit/WaelederCpuGit/WaelderCPU/waelderCPU_Vivado\vivado.jou
# Running On         : Raphael-mobile
# Platform           : Windows Server 2016 or Windows 10
# Operating System   : 26200
# Processor Detail   : 13th Gen Intel(R) Core(TM) i9-13900H
# CPU Frequency      : 2995 MHz
# CPU Physical cores : 14
# CPU Logical cores  : 20
# Host memory        : 16780 MB
# Swap memory        : 10737 MB
# Total Virtual      : 27517 MB
# Available Virtual  : 11651 MB
#-----------------------------------------------------------
start_gui
open_project C:/Users/rapha/OneDrive/Dokumente/Schule/.Diplomarbeit/WaelederCpuGit/WaelderCPU/waelderCPU_Vivado/waelderCPU.xpr
INFO: [ProjectBase 1-489] The host OS only allows 260 characters in a normal path. The project is stored in a path with more than 80 characters. If you experience issues with IP, Block Designs, or files not being found, please consider moving the project to a location with a shorter path. Alternately consider using the OS subst command to map part of the path to a drive letter.
Current project path is 'C:/Users/rapha/OneDrive/Dokumente/Schule/.Diplomarbeit/WaelederCpuGit/WaelderCPU/waelderCPU_Vivado'
WARNING: [Board 49-26] cannot add Board Part xilinx.com:emb-plus-vpr-4616:part0:1.0 available at C:/Xilinx/2025.1/data/xhub/boards\XilinxBoardStore\boards\Xilinx\emb-plus-vpr-4616\1.0\board.xml as part xcve2302-sfva784-2mp-e-s specified in board_part file is either invalid or not available
WARNING: [Board 49-26] cannot add Board Part xilinx.com:emb-plus-vpr-4616:part0:1.1 available at C:/Xilinx/2025.1/data/xhub/boards\XilinxBoardStore\boards\Xilinx\emb-plus-vpr-4616\1.1\board.xml as part xcve2302-sfva784-2mp-e-s specified in board_part file is either invalid or not available
WARNING: [Board 49-26] cannot add Board Part xilinx.com:kcu105:part0:1.6 available at C:/Xilinx/2025.1/data/xhub/boards\XilinxBoardStore\boards\Xilinx\kcu105\1.6\board.xml as part xcku040-ffva1156-2-e specified in board_part file is either invalid or not available
WARNING: [Board 49-26] cannot add Board Part xilinx.com:kcu105:part0:1.7 available at C:/Xilinx/2025.1/data/xhub/boards\XilinxBoardStore\boards\Xilinx\kcu105\1.7\board.xml as part xcku040-ffva1156-2-e specified in board_part file is either invalid or not available
WARNING: [Board 49-26] cannot add Board Part xilinx.com:kcu116:part0:1.4 available at C:/Xilinx/2025.1/data/xhub/boards\XilinxBoardStore\boards\Xilinx\kcu116\1.4\board.xml as part xcku5p-ffvb676-2-e specified in board_part file is either invalid or not available
WARNING: [Board 49-26] cannot add Board Part xilinx.com:kcu116:part0:1.5 available at C:/Xilinx/2025.1/data/xhub/boards\XilinxBoardStore\boards\Xilinx\kcu116\1.5\board.xml as part xcku5p-ffvb676-2-e specified in board_part file is either invalid or not available
WARNING: [Board 49-26] cannot add Board Part xilinx.com:kcu1500:part0:1.2 available at C:/Xilinx/2025.1/data/xhub/boards\XilinxBoardStore\boards\Xilinx\kcu1500\1.2\board.xml as part xcku115-flvb2104-2-e specified in board_part file is either invalid or not available
WARNING: [Board 49-26] cannot add Board Part xilinx.com:scu35:part0:1.0 available at C:/Xilinx/2025.1/data/xhub/boards\XilinxBoardStore\boards\Xilinx\scu35\1.0\board.xml as part xcsu35p-sbvb625-2-e specified in board_part file is either invalid or not available
WARNING: [Board 49-26] cannot add Board Part xilinx.com:v80:part0:1.0 available at C:/Xilinx/2025.1/data/xhub/boards\XilinxBoardStore\boards\Xilinx\v80\1.0\board.xml as part xcv80-lsva4737-2mhp-e-s specified in board_part file is either invalid or not available
WARNING: [Board 49-26] cannot add Board Part xilinx.com:vck190:part0:2.2 available at C:/Xilinx/2025.1/data/xhub/boards\XilinxBoardStore\boards\Xilinx\vck190\production\2.2\board.xml as part xcvc1902-vsva2197-2mp-e-s specified in board_part file is either invalid or not available
WARNING: [Board 49-26] cannot add Board Part xilinx.com:vck190:part0:3.0 available at C:/Xilinx/2025.1/data/xhub/boards\XilinxBoardStore\boards\Xilinx\vck190\production\3.0\board.xml as part xcvc1902-vsva2197-2mp-e-s specified in board_part file is either invalid or not available
WARNING: [Board 49-26] cannot add Board Part xilinx.com:vck190:part0:3.1 available at C:/Xilinx/2025.1/data/xhub/boards\XilinxBoardStore\boards\Xilinx\vck190\production\3.1\board.xml as part xcvc1902-vsva2197-2mp-e-s specified in board_part file is either invalid or not available
WARNING: [Board 49-26] cannot add Board Part xilinx.com:vck190:part0:3.2 available at C:/Xilinx/2025.1/data/xhub/boards\XilinxBoardStore\boards\Xilinx\vck190\production\3.2\board.xml as part xcvc1902-vsva2197-2mp-e-s specified in board_part file is either invalid or not available
WARNING: [Board 49-26] cannot add Board Part xilinx.com:vck190:part0:3.3 available at C:/Xilinx/2025.1/data/xhub/boards\XilinxBoardStore\boards\Xilinx\vck190\production\3.3\board.xml as part xcvc1902-vsva2197-2mp-e-s specified in board_part file is either invalid or not available
WARNING: [Board 49-26] cannot add Board Part xilinx.com:vck190:part0:3.4 available at C:/Xilinx/2025.1/data/xhub/boards\XilinxBoardStore\boards\Xilinx\vck190\production\3.4\board.xml as part xcvc1902-vsva2197-2mp-e-s specified in board_part file is either invalid or not available
WARNING: [Board 49-26] cannot add Board Part xilinx.com:vck190_newl:part0:1.0 available at C:/Xilinx/2025.1/data/xhub/boards\XilinxBoardStore\boards\Xilinx\vck190_newl\production\1.0\board.xml as part xcvc1902-vsva2197-2mp-e-s specified in board_part file is either invalid or not available
WARNING: [Board 49-26] cannot add Board Part xilinx.com:vck190_newl:part0:1.1 available at C:/Xilinx/2025.1/data/xhub/boards\XilinxBoardStore\boards\Xilinx\vck190_newl\production\1.1\board.xml as part xcvc1902-vsva2197-2mp-e-s specified in board_part file is either invalid or not available
WARNING: [Board 49-26] cannot add Board Part xilinx.com:vck190_newl:part0:1.2 available at C:/Xilinx/2025.1/data/xhub/boards\XilinxBoardStore\boards\Xilinx\vck190_newl\production\1.2\board.xml as part xcvc1902-vsva2197-2mp-e-s specified in board_part file is either invalid or not available
WARNING: [Board 49-26] cannot add Board Part xilinx.com:vck190_newl:part0:1.3 available at C:/Xilinx/2025.1/data/xhub/boards\XilinxBoardStore\boards\Xilinx\vck190_newl\production\1.3\board.xml as part xcvc1902-vsva2197-2mp-e-s specified in board_part file is either invalid or not available
WARNING: [Board 49-26] cannot add Board Part xilinx.com:vcu108:part0:1.6 available at C:/Xilinx/2025.1/data/xhub/boards\XilinxBoardStore\boards\Xilinx\vcu108\1.6\board.xml as part xcvu095-ffva2104-2-e specified in board_part file is either invalid or not available
WARNING: [Board 49-26] cannot add Board Part xilinx.com:vcu108:part0:1.7 available at C:/Xilinx/2025.1/data/xhub/boards\XilinxBoardStore\boards\Xilinx\vcu108\1.7\board.xml as part xcvu095-ffva2104-2-e specified in board_part file is either invalid or not available
WARNING: [Board 49-26] cannot add Board Part xilinx.com:vcu110:part0:1.4 available at C:/Xilinx/2025.1/data/xhub/boards\XilinxBoardStore\boards\Xilinx\vcu110\1.4\board.xml as part xcvu190-flgc2104-2-e specified in board_part file is either invalid or not available
WARNING: [Board 49-26] cannot add Board Part xilinx.com:vcu118:part0:2.0 available at C:/Xilinx/2025.1/data/xhub/boards\XilinxBoardStore\boards\Xilinx\vcu118\2.0\board.xml as part xcvu9p-flga2104-2l-e specified in board_part file is either invalid or not available
WARNING: [Board 49-26] cannot add Board Part xilinx.com:vcu118:part0:2.3 available at C:/Xilinx/2025.1/data/xhub/boards\XilinxBoardStore\boards\Xilinx\vcu118\2.3\board.xml as part xcvu9p-flga2104-2l-e specified in board_part file is either invalid or not available
WARNING: [Board 49-26] cannot add Board Part xilinx.com:vcu118:part0:2.4 available at C:/Xilinx/2025.1/data/xhub/boards\XilinxBoardStore\boards\Xilinx\vcu118\2.4\board.xml as part xcvu9p-flga2104-2l-e specified in board_part file is either invalid or not available
WARNING: [Board 49-26] cannot add Board Part xilinx.com:vcu128:part0:1.0 available at C:/Xilinx/2025.1/data/xhub/boards\XilinxBoardStore\boards\Xilinx\vcu128\production\1.0\board.xml as part xcvu37p-fsvh2892-2l-e specified in board_part file is either invalid or not available
WARNING: [Board 49-26] cannot add Board Part xilinx.com:vcu129:part0:1.0 available at C:/Xilinx/2025.1/data/xhub/boards\XilinxBoardStore\boards\Xilinx\vcu129\production\1.0\board.xml as part xcvu29p-fsga2577-2l-e specified in board_part file is either invalid or not available
WARNING: [Board 49-26] cannot add Board Part xilinx.com:vcu1525:part0:1.3 available at C:/Xilinx/2025.1/data/xhub/boards\XilinxBoardStore\boards\Xilinx\vcu1525\1.3\board.xml as part xcvu9p-fsgd2104-2l-e specified in board_part file is either invalid or not available
WARNING: [Board 49-26] cannot add Board Part xilinx.com:vek280:part0:1.0 available at C:/Xilinx/2025.1/data/xhub/boards\XilinxBoardStore\boards\Xilinx\vek280\production\1.0\board.xml as part xcve2802-vsvh1760-2mp-e-s specified in board_part file is either invalid or not available
WARNING: [Board 49-26] cannot add Board Part xilinx.com:vek280:part0:1.1 available at C:/Xilinx/2025.1/data/xhub/boards\XilinxBoardStore\boards\Xilinx\vek280\production\1.1\board.xml as part xcve2802-vsvh1760-2mp-e-s specified in board_part file is either invalid or not available
WARNING: [Board 49-26] cannot add Board Part xilinx.com:vek280:part0:1.2 available at C:/Xilinx/2025.1/data/xhub/boards\XilinxBoardStore\boards\Xilinx\vek280\production\1.2\board.xml as part xcve2802-vsvh1760-2mp-e-s specified in board_part file is either invalid or not available
WARNING: [Board 49-26] cannot add Board Part xilinx.com:vek385:part0:1.0 available at C:/Xilinx/2025.1/data/xhub/boards\XilinxBoardStore\boards\Xilinx\vek385\1.0\board.xml as part xc2ve3858-ssva2112-2mp-e-s specified in board_part file is either invalid or not available
WARNING: [Board 49-26] cannot add Board Part xilinx.com:vermeo_t1_mpsoc:part0:1.0 available at C:/Xilinx/2025.1/data/xhub/boards\XilinxBoardStore\boards\Xilinx\vermeo_t1_mpsoc\1.0\board.xml as part xczu19eg-ffvd1760-2l-e specified in board_part file is either invalid or not available
WARNING: [Board 49-26] cannot add Board Part xilinx.com:vermeo_t1_rfsoc:part0:1.0 available at C:/Xilinx/2025.1/data/xhub/boards\XilinxBoardStore\boards\Xilinx\vermeo_t1_rfsoc\1.0\board.xml as part xczu21dr-ffvd1156-2l-e specified in board_part file is either invalid or not available
WARNING: [Board 49-26] cannot add Board Part xilinx.com:vhk158:part0:1.0 available at C:/Xilinx/2025.1/data/xhub/boards\XilinxBoardStore\boards\Xilinx\vhk158\production\1.0\board.xml as part xcvh1582-vsva3697-2mp-e-s specified in board_part file is either invalid or not available
WARNING: [Board 49-26] cannot add Board Part xilinx.com:vhk158:part0:1.1 available at C:/Xilinx/2025.1/data/xhub/boards\XilinxBoardStore\boards\Xilinx\vhk158\production\1.1\board.xml as part xcvh1582-vsva3697-2mp-e-s specified in board_part file is either invalid or not available
WARNING: [Board 49-26] cannot add Board Part xilinx.com:vhk158:part0:1.2 available at C:/Xilinx/2025.1/data/xhub/boards\XilinxBoardStore\boards\Xilinx\vhk158\production\1.2\board.xml as part xcvh1582-vsva3697-2mp-e-s specified in board_part file is either invalid or not available
WARNING: [Board 49-26] cannot add Board Part xilinx.com:vmk180:part0:2.2 available at C:/Xilinx/2025.1/data/xhub/boards\XilinxBoardStore\boards\Xilinx\vmk180\production\2.2\board.xml as part xcvm1802-vsva2197-2mp-e-s specified in board_part file is either invalid or not available
WARNING: [Board 49-26] cannot add Board Part xilinx.com:vmk180:part0:3.0 available at C:/Xilinx/2025.1/data/xhub/boards\XilinxBoardStore\boards\Xilinx\vmk180\production\3.0\board.xml as part xcvm1802-vsva2197-2mp-e-s specified in board_part file is either invalid or not available
WARNING: [Board 49-26] cannot add Board Part xilinx.com:vmk180:part0:3.1 available at C:/Xilinx/2025.1/data/xhub/boards\XilinxBoardStore\boards\Xilinx\vmk180\production\3.1\board.xml as part xcvm1802-vsva2197-2mp-e-s specified in board_part file is either invalid or not available
WARNING: [Board 49-26] cannot add Board Part xilinx.com:vmk180:part0:3.2 available at C:/Xilinx/2025.1/data/xhub/boards\XilinxBoardStore\boards\Xilinx\vmk180\production\3.2\board.xml as part xcvm1802-vsva2197-2mp-e-s specified in board_part file is either invalid or not available
WARNING: [Board 49-26] cannot add Board Part xilinx.com:vmk180:part0:3.3 available at C:/Xilinx/2025.1/data/xhub/boards\XilinxBoardStore\boards\Xilinx\vmk180\production\3.3\board.xml as part xcvm1802-vsva2197-2mp-e-s specified in board_part file is either invalid or not available
WARNING: [Board 49-26] cannot add Board Part xilinx.com:vmk180_newl:part0:1.0 available at C:/Xilinx/2025.1/data/xhub/boards\XilinxBoardStore\boards\Xilinx\vmk180_newl\production\1.0\board.xml as part xcvm1802-vsva2197-2mp-e-s specified in board_part file is either invalid or not available
WARNING: [Board 49-26] cannot add Board Part xilinx.com:vmk180_newl:part0:1.1 available at C:/Xilinx/2025.1/data/xhub/boards\XilinxBoardStore\boards\Xilinx\vmk180_newl\production\1.1\board.xml as part xcvm1802-vsva2197-2mp-e-s specified in board_part file is either invalid or not available
WARNING: [Board 49-26] cannot add Board Part xilinx.com:vpk120:part0:1.0 available at C:/Xilinx/2025.1/data/xhub/boards\XilinxBoardStore\boards\Xilinx\vpk120\production\1.0\board.xml as part xcvp1202-vsva2785-2mp-e-s specified in board_part file is either invalid or not available
WARNING: [Board 49-26] cannot add Board Part xilinx.com:vpk120:part0:1.1 available at C:/Xilinx/2025.1/data/xhub/boards\XilinxBoardStore\boards\Xilinx\vpk120\production\1.1\board.xml as part xcvp1202-vsva2785-2mp-e-s specified in board_part file is either invalid or not available
WARNING: [Board 49-26] cannot add Board Part xilinx.com:vpk120:part0:1.2 available at C:/Xilinx/2025.1/data/xhub/boards\XilinxBoardStore\boards\Xilinx\vpk120\production\1.2\board.xml as part xcvp1202-vsva2785-2mp-e-s specified in board_part file is either invalid or not available
WARNING: [Board 49-26] cannot add Board Part xilinx.com:vpk180:part0:1.0 available at C:/Xilinx/2025.1/data/xhub/boards\XilinxBoardStore\boards\Xilinx\vpk180\production\1.0\board.xml as part xcvp1802-lsvc4072-2mp-e-s specified in board_part file is either invalid or not available
WARNING: [Board 49-26] cannot add Board Part xilinx.com:vpk180:part0:1.1 available at C:/Xilinx/2025.1/data/xhub/boards\XilinxBoardStore\boards\Xilinx\vpk180\production\1.1\board.xml as part xcvp1802-lsvc4072-2mp-e-s specified in board_part file is either invalid or not available
WARNING: [Board 49-26] cannot add Board Part xilinx.com:vpk180:part0:1.2 available at C:/Xilinx/2025.1/data/xhub/boards\XilinxBoardStore\boards\Xilinx\vpk180\production\1.2\board.xml as part xcvp1802-lsvc4072-2mp-e-s specified in board_part file is either invalid or not available
WARNING: [Board 49-26] cannot add Board Part xilinx.com:zcu102:part0:3.3 available at C:/Xilinx/2025.1/data/xhub/boards\XilinxBoardStore\boards\Xilinx\zcu102\3.3\board.xml as part xczu9eg-ffvb1156-2-e specified in board_part file is either invalid or not available
WARNING: [Board 49-26] cannot add Board Part xilinx.com:zcu102:part0:3.4 available at C:/Xilinx/2025.1/data/xhub/boards\XilinxBoardStore\boards\Xilinx\zcu102\3.4\board.xml as part xczu9eg-ffvb1156-2-e specified in board_part file is either invalid or not available
WARNING: [Board 49-26] cannot add Board Part xilinx.com:zcu111:part0:1.2 available at C:/Xilinx/2025.1/data/xhub/boards\XilinxBoardStore\boards\Xilinx\zcu111\1.2\board.xml as part xczu28dr-ffvg1517-2-e specified in board_part file is either invalid or not available
WARNING: [Board 49-26] cannot add Board Part xilinx.com:zcu111:part0:1.3 available at C:/Xilinx/2025.1/data/xhub/boards\XilinxBoardStore\boards\Xilinx\zcu111\1.3\board.xml as part xczu28dr-ffvg1517-2-e specified in board_part file is either invalid or not available
WARNING: [Board 49-26] cannot add Board Part xilinx.com:zcu111:part0:1.4 available at C:/Xilinx/2025.1/data/xhub/boards\XilinxBoardStore\boards\Xilinx\zcu111\1.4\board.xml as part xczu28dr-ffvg1517-2-e specified in board_part file is either invalid or not available
WARNING: [Board 49-26] cannot add Board Part xilinx.com:zcu1275:part0:1.0 available at C:/Xilinx/2025.1/data/xhub/boards\XilinxBoardStore\boards\Xilinx\zcu1275\1.0\board.xml as part xczu29dr-ffvf1760-2-e specified in board_part file is either invalid or not available
WARNING: [Board 49-26] cannot add Board Part xilinx.com:zcu1285:part0:1.0 available at C:/Xilinx/2025.1/data/xhub/boards\XilinxBoardStore\boards\Xilinx\zcu1285\1.0\board.xml as part xczu39dr-ffvf1760-2-i specified in board_part file is either invalid or not available
WARNING: [Board 49-26] cannot add Board Part xilinx.com:zcu208:part0:2.0 available at C:/Xilinx/2025.1/data/xhub/boards\XilinxBoardStore\boards\Xilinx\zcu208\production\2.0\board.xml as part xczu48dr-fsvg1517-2-e specified in board_part file is either invalid or not available
WARNING: [Board 49-26] cannot add Board Part xilinx.com:zcu208ld:part0:2.0 available at C:/Xilinx/2025.1/data/xhub/boards\XilinxBoardStore\boards\Xilinx\zcu208ld\production\2.0\board.xml as part xczu58dr-fsvg1517-2-i specified in board_part file is either invalid or not available
WARNING: [Board 49-26] cannot add Board Part xilinx.com:zcu216:part0:2.0 available at C:/Xilinx/2025.1/data/xhub/boards\XilinxBoardStore\boards\Xilinx\zcu216\production\2.0\board.xml as part xczu49dr-ffvf1760-2-e specified in board_part file is either invalid or not available
WARNING: [Board 49-26] cannot add Board Part xilinx.com:zcu216ld:part0:2.0 available at C:/Xilinx/2025.1/data/xhub/boards\XilinxBoardStore\boards\Xilinx\zcu216ld\production\2.0\board.xml as part xczu59dr-ffvf1760-2-i specified in board_part file is either invalid or not available
WARNING: [Board 49-26] cannot add Board Part xilinx.com:zcu670:part0:2.0 available at C:/Xilinx/2025.1/data/xhub/boards\XilinxBoardStore\boards\Xilinx\zcu670\2.0\board.xml as part xczu67dr-fsve1156-2-i specified in board_part file is either invalid or not available
WARNING: [Board 49-26] cannot add Board Part xilinx.com:zcu670ld:part0:1.0 available at C:/Xilinx/2025.1/data/xhub/boards\XilinxBoardStore\boards\Xilinx\zcu670ld\1.0\board.xml as part xczu57dr-fsve1156-2-i specified in board_part file is either invalid or not available
INFO: [filemgmt 56-3] Default IP Output Path : Could not find the directory 'C:/Users/rapha/OneDrive/Dokumente/Schule/.Diplomarbeit/WaelederCpuGit/WaelderCPU/waelderCPU_Vivado/waelderCPU.gen/sources_1'.
Scanning sources...
Finished scanning sources
WARNING: [Board 49-26] cannot add Board Part xilinx.com:emb-plus-vpr-4616:part0:1.0 available at C:/Xilinx/2025.1/data/xhub/boards\XilinxBoardStore\boards\Xilinx\emb-plus-vpr-4616\1.0\board.xml as part xcve2302-sfva784-2mp-e-s specified in board_part file is either invalid or not available
WARNING: [Board 49-26] cannot add Board Part xilinx.com:emb-plus-vpr-4616:part0:1.1 available at C:/Xilinx/2025.1/data/xhub/boards\XilinxBoardStore\boards\Xilinx\emb-plus-vpr-4616\1.1\board.xml as part xcve2302-sfva784-2mp-e-s specified in board_part file is either invalid or not available
WARNING: [Board 49-26] cannot add Board Part xilinx.com:kcu105:part0:1.6 available at C:/Xilinx/2025.1/data/xhub/boards\XilinxBoardStore\boards\Xilinx\kcu105\1.6\board.xml as part xcku040-ffva1156-2-e specified in board_part file is either invalid or not available
WARNING: [Board 49-26] cannot add Board Part xilinx.com:kcu105:part0:1.7 available at C:/Xilinx/2025.1/data/xhub/boards\XilinxBoardStore\boards\Xilinx\kcu105\1.7\board.xml as part xcku040-ffva1156-2-e specified in board_part file is either invalid or not available
WARNING: [Board 49-26] cannot add Board Part xilinx.com:kcu116:part0:1.4 available at C:/Xilinx/2025.1/data/xhub/boards\XilinxBoardStore\boards\Xilinx\kcu116\1.4\board.xml as part xcku5p-ffvb676-2-e specified in board_part file is either invalid or not available
WARNING: [Board 49-26] cannot add Board Part xilinx.com:kcu116:part0:1.5 available at C:/Xilinx/2025.1/data/xhub/boards\XilinxBoardStore\boards\Xilinx\kcu116\1.5\board.xml as part xcku5p-ffvb676-2-e specified in board_part file is either invalid or not available
WARNING: [Board 49-26] cannot add Board Part xilinx.com:kcu1500:part0:1.2 available at C:/Xilinx/2025.1/data/xhub/boards\XilinxBoardStore\boards\Xilinx\kcu1500\1.2\board.xml as part xcku115-flvb2104-2-e specified in board_part file is either invalid or not available
WARNING: [Board 49-26] cannot add Board Part xilinx.com:scu35:part0:1.0 available at C:/Xilinx/2025.1/data/xhub/boards\XilinxBoardStore\boards\Xilinx\scu35\1.0\board.xml as part xcsu35p-sbvb625-2-e specified in board_part file is either invalid or not available
WARNING: [Board 49-26] cannot add Board Part xilinx.com:v80:part0:1.0 available at C:/Xilinx/2025.1/data/xhub/boards\XilinxBoardStore\boards\Xilinx\v80\1.0\board.xml as part xcv80-lsva4737-2mhp-e-s specified in board_part file is either invalid or not available
WARNING: [Board 49-26] cannot add Board Part xilinx.com:vck190:part0:2.2 available at C:/Xilinx/2025.1/data/xhub/boards\XilinxBoardStore\boards\Xilinx\vck190\production\2.2\board.xml as part xcvc1902-vsva2197-2mp-e-s specified in board_part file is either invalid or not available
WARNING: [Board 49-26] cannot add Board Part xilinx.com:vck190:part0:3.0 available at C:/Xilinx/2025.1/data/xhub/boards\XilinxBoardStore\boards\Xilinx\vck190\production\3.0\board.xml as part xcvc1902-vsva2197-2mp-e-s specified in board_part file is either invalid or not available
WARNING: [Board 49-26] cannot add Board Part xilinx.com:vck190:part0:3.1 available at C:/Xilinx/2025.1/data/xhub/boards\XilinxBoardStore\boards\Xilinx\vck190\production\3.1\board.xml as part xcvc1902-vsva2197-2mp-e-s specified in board_part file is either invalid or not available
WARNING: [Board 49-26] cannot add Board Part xilinx.com:vck190:part0:3.2 available at C:/Xilinx/2025.1/data/xhub/boards\XilinxBoardStore\boards\Xilinx\vck190\production\3.2\board.xml as part xcvc1902-vsva2197-2mp-e-s specified in board_part file is either invalid or not available
WARNING: [Board 49-26] cannot add Board Part xilinx.com:vck190:part0:3.3 available at C:/Xilinx/2025.1/data/xhub/boards\XilinxBoardStore\boards\Xilinx\vck190\production\3.3\board.xml as part xcvc1902-vsva2197-2mp-e-s specified in board_part file is either invalid or not available
WARNING: [Board 49-26] cannot add Board Part xilinx.com:vck190:part0:3.4 available at C:/Xilinx/2025.1/data/xhub/boards\XilinxBoardStore\boards\Xilinx\vck190\production\3.4\board.xml as part xcvc1902-vsva2197-2mp-e-s specified in board_part file is either invalid or not available
WARNING: [Board 49-26] cannot add Board Part xilinx.com:vck190_newl:part0:1.0 available at C:/Xilinx/2025.1/data/xhub/boards\XilinxBoardStore\boards\Xilinx\vck190_newl\production\1.0\board.xml as part xcvc1902-vsva2197-2mp-e-s specified in board_part file is either invalid or not available
WARNING: [Board 49-26] cannot add Board Part xilinx.com:vck190_newl:part0:1.1 available at C:/Xilinx/2025.1/data/xhub/boards\XilinxBoardStore\boards\Xilinx\vck190_newl\production\1.1\board.xml as part xcvc1902-vsva2197-2mp-e-s specified in board_part file is either invalid or not available
WARNING: [Board 49-26] cannot add Board Part xilinx.com:vck190_newl:part0:1.2 available at C:/Xilinx/2025.1/data/xhub/boards\XilinxBoardStore\boards\Xilinx\vck190_newl\production\1.2\board.xml as part xcvc1902-vsva2197-2mp-e-s specified in board_part file is either invalid or not available
WARNING: [Board 49-26] cannot add Board Part xilinx.com:vck190_newl:part0:1.3 available at C:/Xilinx/2025.1/data/xhub/boards\XilinxBoardStore\boards\Xilinx\vck190_newl\production\1.3\board.xml as part xcvc1902-vsva2197-2mp-e-s specified in board_part file is either invalid or not available
WARNING: [Board 49-26] cannot add Board Part xilinx.com:vcu108:part0:1.6 available at C:/Xilinx/2025.1/data/xhub/boards\XilinxBoardStore\boards\Xilinx\vcu108\1.6\board.xml as part xcvu095-ffva2104-2-e specified in board_part file is either invalid or not available
WARNING: [Board 49-26] cannot add Board Part xilinx.com:vcu108:part0:1.7 available at C:/Xilinx/2025.1/data/xhub/boards\XilinxBoardStore\boards\Xilinx\vcu108\1.7\board.xml as part xcvu095-ffva2104-2-e specified in board_part file is either invalid or not available
WARNING: [Board 49-26] cannot add Board Part xilinx.com:vcu110:part0:1.4 available at C:/Xilinx/2025.1/data/xhub/boards\XilinxBoardStore\boards\Xilinx\vcu110\1.4\board.xml as part xcvu190-flgc2104-2-e specified in board_part file is either invalid or not available
WARNING: [Board 49-26] cannot add Board Part xilinx.com:vcu118:part0:2.0 available at C:/Xilinx/2025.1/data/xhub/boards\XilinxBoardStore\boards\Xilinx\vcu118\2.0\board.xml as part xcvu9p-flga2104-2l-e specified in board_part file is either invalid or not available
WARNING: [Board 49-26] cannot add Board Part xilinx.com:vcu118:part0:2.3 available at C:/Xilinx/2025.1/data/xhub/boards\XilinxBoardStore\boards\Xilinx\vcu118\2.3\board.xml as part xcvu9p-flga2104-2l-e specified in board_part file is either invalid or not available
WARNING: [Board 49-26] cannot add Board Part xilinx.com:vcu118:part0:2.4 available at C:/Xilinx/2025.1/data/xhub/boards\XilinxBoardStore\boards\Xilinx\vcu118\2.4\board.xml as part xcvu9p-flga2104-2l-e specified in board_part file is either invalid or not available
WARNING: [Board 49-26] cannot add Board Part xilinx.com:vcu128:part0:1.0 available at C:/Xilinx/2025.1/data/xhub/boards\XilinxBoardStore\boards\Xilinx\vcu128\production\1.0\board.xml as part xcvu37p-fsvh2892-2l-e specified in board_part file is either invalid or not available
WARNING: [Board 49-26] cannot add Board Part xilinx.com:vcu129:part0:1.0 available at C:/Xilinx/2025.1/data/xhub/boards\XilinxBoardStore\boards\Xilinx\vcu129\production\1.0\board.xml as part xcvu29p-fsga2577-2l-e specified in board_part file is either invalid or not available
WARNING: [Board 49-26] cannot add Board Part xilinx.com:vcu1525:part0:1.3 available at C:/Xilinx/2025.1/data/xhub/boards\XilinxBoardStore\boards\Xilinx\vcu1525\1.3\board.xml as part xcvu9p-fsgd2104-2l-e specified in board_part file is either invalid or not available
WARNING: [Board 49-26] cannot add Board Part xilinx.com:vek280:part0:1.0 available at C:/Xilinx/2025.1/data/xhub/boards\XilinxBoardStore\boards\Xilinx\vek280\production\1.0\board.xml as part xcve2802-vsvh1760-2mp-e-s specified in board_part file is either invalid or not available
WARNING: [Board 49-26] cannot add Board Part xilinx.com:vek280:part0:1.1 available at C:/Xilinx/2025.1/data/xhub/boards\XilinxBoardStore\boards\Xilinx\vek280\production\1.1\board.xml as part xcve2802-vsvh1760-2mp-e-s specified in board_part file is either invalid or not available
WARNING: [Board 49-26] cannot add Board Part xilinx.com:vek280:part0:1.2 available at C:/Xilinx/2025.1/data/xhub/boards\XilinxBoardStore\boards\Xilinx\vek280\production\1.2\board.xml as part xcve2802-vsvh1760-2mp-e-s specified in board_part file is either invalid or not available
WARNING: [Board 49-26] cannot add Board Part xilinx.com:vek385:part0:1.0 available at C:/Xilinx/2025.1/data/xhub/boards\XilinxBoardStore\boards\Xilinx\vek385\1.0\board.xml as part xc2ve3858-ssva2112-2mp-e-s specified in board_part file is either invalid or not available
WARNING: [Board 49-26] cannot add Board Part xilinx.com:vermeo_t1_mpsoc:part0:1.0 available at C:/Xilinx/2025.1/data/xhub/boards\XilinxBoardStore\boards\Xilinx\vermeo_t1_mpsoc\1.0\board.xml as part xczu19eg-ffvd1760-2l-e specified in board_part file is either invalid or not available
WARNING: [Board 49-26] cannot add Board Part xilinx.com:vermeo_t1_rfsoc:part0:1.0 available at C:/Xilinx/2025.1/data/xhub/boards\XilinxBoardStore\boards\Xilinx\vermeo_t1_rfsoc\1.0\board.xml as part xczu21dr-ffvd1156-2l-e specified in board_part file is either invalid or not available
WARNING: [Board 49-26] cannot add Board Part xilinx.com:vhk158:part0:1.0 available at C:/Xilinx/2025.1/data/xhub/boards\XilinxBoardStore\boards\Xilinx\vhk158\production\1.0\board.xml as part xcvh1582-vsva3697-2mp-e-s specified in board_part file is either invalid or not available
WARNING: [Board 49-26] cannot add Board Part xilinx.com:vhk158:part0:1.1 available at C:/Xilinx/2025.1/data/xhub/boards\XilinxBoardStore\boards\Xilinx\vhk158\production\1.1\board.xml as part xcvh1582-vsva3697-2mp-e-s specified in board_part file is either invalid or not available
WARNING: [Board 49-26] cannot add Board Part xilinx.com:vhk158:part0:1.2 available at C:/Xilinx/2025.1/data/xhub/boards\XilinxBoardStore\boards\Xilinx\vhk158\production\1.2\board.xml as part xcvh1582-vsva3697-2mp-e-s specified in board_part file is either invalid or not available
INFO: [Common 17-14] Message 'Board 49-26' appears 100 times and further instances of the messages will be disabled. Use the Tcl command set_msg_config to change the current settings.
WARNING: [Project 1-5713] Board part '' set for the project  is not found. BoardPart property will be unset. Please select board from latest repo build 
INFO: [IP_Flow 19-234] Refreshing IP repositories
INFO: [IP_Flow 19-1704] No user IP repositories specified
INFO: [IP_Flow 19-2313] Loaded Vivado IP repository 'C:/Xilinx/2025.1/Vivado/data/ip'.
open_project: Time (s): cpu = 00:00:46 ; elapsed = 00:00:17 . Memory (MB): peak = 1649.094 ; gain = 171.422
update_compile_order -fileset sources_1
synth_design -top waelderMain -part xc7s50csga324-1 -lint 
Command: synth_design -top waelderMain -part xc7s50csga324-1 -lint
Starting synth_design
Attempting to get a license for feature 'Synthesis' and/or device 'xc7s50'
INFO: [Common 17-349] Got license for feature 'Synthesis' and/or device 'xc7s50'
INFO: [Synth 8-7079] Multithreading enabled for synth_design using a maximum of 2 processes.
INFO: [Synth 8-7078] Launching helper process for spawning children vivado processes
INFO: [Synth 8-7075] Helper process launched with PID 38136
---------------------------------------------------------------------------------
Starting Synthesize : Time (s): cpu = 00:00:17 ; elapsed = 00:00:14 . Memory (MB): peak = 2136.957 ; gain = 480.566
---------------------------------------------------------------------------------
Clean up Linter database...
INFO: [Synth 8-638] synthesizing module 'waelderMain' [C:/Users/rapha/OneDrive/Dokumente/Schule/.Diplomarbeit/WaelederCpuGit/WaelderCPU/waelderCPU_Vivado/waelderCPU.srcs/sources_1/new/waelderMain.vhd:45]
WARNING: [Synth 8-614] signal 'pc_l' is read in the process but is not in the sensitivity list [C:/Users/rapha/OneDrive/Dokumente/Schule/.Diplomarbeit/WaelederCpuGit/WaelderCPU/waelderCPU_Vivado/waelderCPU.srcs/sources_1/new/waelderMain.vhd:166]
WARNING: [Synth 8-614] signal 'pc_h' is read in the process but is not in the sensitivity list [C:/Users/rapha/OneDrive/Dokumente/Schule/.Diplomarbeit/WaelederCpuGit/WaelderCPU/waelderCPU_Vivado/waelderCPU.srcs/sources_1/new/waelderMain.vhd:166]
WARNING: [Synth 8-614] signal 'i_reg' is read in the process but is not in the sensitivity list [C:/Users/rapha/OneDrive/Dokumente/Schule/.Diplomarbeit/WaelederCpuGit/WaelderCPU/waelderCPU_Vivado/waelderCPU.srcs/sources_1/new/waelderMain.vhd:166]
WARNING: [Synth 8-614] signal 'a_reg' is read in the process but is not in the sensitivity list [C:/Users/rapha/OneDrive/Dokumente/Schule/.Diplomarbeit/WaelederCpuGit/WaelderCPU/waelderCPU_Vivado/waelderCPU.srcs/sources_1/new/waelderMain.vhd:166]
WARNING: [Synth 8-614] signal 'b_reg' is read in the process but is not in the sensitivity list [C:/Users/rapha/OneDrive/Dokumente/Schule/.Diplomarbeit/WaelederCpuGit/WaelderCPU/waelderCPU_Vivado/waelderCPU.srcs/sources_1/new/waelderMain.vhd:166]
WARNING: [Synth 8-614] signal 'c_reg' is read in the process but is not in the sensitivity list [C:/Users/rapha/OneDrive/Dokumente/Schule/.Diplomarbeit/WaelederCpuGit/WaelderCPU/waelderCPU_Vivado/waelderCPU.srcs/sources_1/new/waelderMain.vhd:166]
WARNING: [Synth 8-614] signal 'd_reg' is read in the process but is not in the sensitivity list [C:/Users/rapha/OneDrive/Dokumente/Schule/.Diplomarbeit/WaelederCpuGit/WaelderCPU/waelderCPU_Vivado/waelderCPU.srcs/sources_1/new/waelderMain.vhd:166]
WARNING: [Synth 8-614] signal 'e_reg' is read in the process but is not in the sensitivity list [C:/Users/rapha/OneDrive/Dokumente/Schule/.Diplomarbeit/WaelederCpuGit/WaelderCPU/waelderCPU_Vivado/waelderCPU.srcs/sources_1/new/waelderMain.vhd:166]
WARNING: [Synth 8-614] signal 'h_reg' is read in the process but is not in the sensitivity list [C:/Users/rapha/OneDrive/Dokumente/Schule/.Diplomarbeit/WaelederCpuGit/WaelderCPU/waelderCPU_Vivado/waelderCPU.srcs/sources_1/new/waelderMain.vhd:166]
WARNING: [Synth 8-614] signal 'l_reg' is read in the process but is not in the sensitivity list [C:/Users/rapha/OneDrive/Dokumente/Schule/.Diplomarbeit/WaelederCpuGit/WaelderCPU/waelderCPU_Vivado/waelderCPU.srcs/sources_1/new/waelderMain.vhd:166]
WARNING: [Synth 8-614] signal 'alu_result' is read in the process but is not in the sensitivity list [C:/Users/rapha/OneDrive/Dokumente/Schule/.Diplomarbeit/WaelederCpuGit/WaelderCPU/waelderCPU_Vivado/waelderCPU.srcs/sources_1/new/waelderMain.vhd:166]
WARNING: [Synth 8-614] signal 'ctrl_ir_in' is read in the process but is not in the sensitivity list [C:/Users/rapha/OneDrive/Dokumente/Schule/.Diplomarbeit/WaelederCpuGit/WaelderCPU/waelderCPU_Vivado/waelderCPU.srcs/sources_1/new/waelderMain.vhd:166]
WARNING: [Synth 8-614] signal 'data_bus' is read in the process but is not in the sensitivity list [C:/Users/rapha/OneDrive/Dokumente/Schule/.Diplomarbeit/WaelederCpuGit/WaelderCPU/waelderCPU_Vivado/waelderCPU.srcs/sources_1/new/waelderMain.vhd:166]
WARNING: [Synth 8-614] signal 'ctrl_ar_in' is read in the process but is not in the sensitivity list [C:/Users/rapha/OneDrive/Dokumente/Schule/.Diplomarbeit/WaelederCpuGit/WaelderCPU/waelderCPU_Vivado/waelderCPU.srcs/sources_1/new/waelderMain.vhd:166]
WARNING: [Synth 8-614] signal 'ctrl_br_in' is read in the process but is not in the sensitivity list [C:/Users/rapha/OneDrive/Dokumente/Schule/.Diplomarbeit/WaelederCpuGit/WaelderCPU/waelderCPU_Vivado/waelderCPU.srcs/sources_1/new/waelderMain.vhd:166]
WARNING: [Synth 8-614] signal 'ctrl_cr_in' is read in the process but is not in the sensitivity list [C:/Users/rapha/OneDrive/Dokumente/Schule/.Diplomarbeit/WaelederCpuGit/WaelderCPU/waelderCPU_Vivado/waelderCPU.srcs/sources_1/new/waelderMain.vhd:166]
WARNING: [Synth 8-614] signal 'ctrl_dr_in' is read in the process but is not in the sensitivity list [C:/Users/rapha/OneDrive/Dokumente/Schule/.Diplomarbeit/WaelederCpuGit/WaelderCPU/waelderCPU_Vivado/waelderCPU.srcs/sources_1/new/waelderMain.vhd:166]
WARNING: [Synth 8-614] signal 'ctrl_er_in' is read in the process but is not in the sensitivity list [C:/Users/rapha/OneDrive/Dokumente/Schule/.Diplomarbeit/WaelederCpuGit/WaelderCPU/waelderCPU_Vivado/waelderCPU.srcs/sources_1/new/waelderMain.vhd:166]
WARNING: [Synth 8-614] signal 'ctrl_hr_in' is read in the process but is not in the sensitivity list [C:/Users/rapha/OneDrive/Dokumente/Schule/.Diplomarbeit/WaelederCpuGit/WaelderCPU/waelderCPU_Vivado/waelderCPU.srcs/sources_1/new/waelderMain.vhd:166]
WARNING: [Synth 8-614] signal 'ctrl_lr_in' is read in the process but is not in the sensitivity list [C:/Users/rapha/OneDrive/Dokumente/Schule/.Diplomarbeit/WaelederCpuGit/WaelderCPU/waelderCPU_Vivado/waelderCPU.srcs/sources_1/new/waelderMain.vhd:166]
INFO: [Synth 8-226] default block is never used [C:/Users/rapha/OneDrive/Dokumente/Schule/.Diplomarbeit/WaelederCpuGit/WaelderCPU/waelderCPU_Vivado/waelderCPU.srcs/sources_1/new/waelderMain.vhd:219]
INFO: [Synth 8-226] default block is never used [C:/Users/rapha/OneDrive/Dokumente/Schule/.Diplomarbeit/WaelederCpuGit/WaelderCPU/waelderCPU_Vivado/waelderCPU.srcs/sources_1/new/waelderMain.vhd:308]
WARNING: [Synth 8-3848] Net data_out in module/entity waelderMain does not have driver. [C:/Users/rapha/OneDrive/Dokumente/Schule/.Diplomarbeit/WaelederCpuGit/WaelderCPU/waelderCPU_Vivado/waelderCPU.srcs/sources_1/new/waelderMain.vhd:35]
INFO: [Synth 8-256] done synthesizing module 'waelderMain' (1#1) [C:/Users/rapha/OneDrive/Dokumente/Schule/.Diplomarbeit/WaelederCpuGit/WaelderCPU/waelderCPU_Vivado/waelderCPU.srcs/sources_1/new/waelderMain.vhd:45]
---------------------------------------------------------------------------------
Finished Synthesize : Time (s): cpu = 00:00:21 ; elapsed = 00:00:18 . Memory (MB): peak = 2240.945 ; gain = 584.555
---------------------------------------------------------------------------------
Copyright 1986-2022 Xilinx, Inc. All Rights Reserved. Copyright 2022-2025 Advanced Micro Devices, Inc. All Rights Reserved.
---------------------------------------------------------------------------------------------------------------------------------------------
| Tool Version : Vivado v.2025.1 (win64) Build 6140274 Thu May 22 00:12:29 MDT 2025
| Date         : Sun Jan 18 14:22:35 2026
| Host         : Raphael-mobile running 64-bit major release  (build 9200)
---------------------------------------------------------------------------------------------------------------------------------------------

RTL Linter Report

Table of Contents
-----------------
1. Summary

1. Summary
----------

+-----------+------------------+--------------+----------+
| Rule ID   | Severity         | # Violations | # Waived |
+-----------+------------------+--------------+----------+
| ASSIGN-5  | WARNING          | 41           | 0        |
| ASSIGN-6  | WARNING          | 5            | 0        |
| ASSIGN-9  | WARNING          | 1            | 0        |
| ASSIGN-10 | WARNING          | 1            | 0        |
| INFER-4   | CRITICAL WARNING | 1            | 0        |
+-----------+------------------+--------------+----------+


WARNING: [Synth 37-124] [ASSIGN-5]Some bits in 'alu_in_a' are not set. First unset bit index is 0. 
RTL Name 'alu_in_a', Hierarchy 'waelderMain', File 'waelderMain.vhd', Line 118.
WARNING: [Synth 37-124] [ASSIGN-5]Some bits in 'alu_in_b' are not set. First unset bit index is 0. 
RTL Name 'alu_in_b', Hierarchy 'waelderMain', File 'waelderMain.vhd', Line 119.
WARNING: [Synth 37-124] [ASSIGN-5]Some bits in 'alu_reg_a' are not set. First unset bit index is 0. 
RTL Name 'alu_reg_a', Hierarchy 'waelderMain', File 'waelderMain.vhd', Line 116.
WARNING: [Synth 37-124] [ASSIGN-5]Some bits in 'alu_reg_b' are not set. First unset bit index is 0. 
RTL Name 'alu_reg_b', Hierarchy 'waelderMain', File 'waelderMain.vhd', Line 117.
WARNING: [Synth 37-124] [ASSIGN-5]Some bits in 'ctrl_alu' are not set. First unset bit index is 0. 
RTL Name 'ctrl_alu', Hierarchy 'waelderMain', File 'waelderMain.vhd', Line 131.
WARNING: [Synth 37-95] [ASSIGN-5]Found scalar variable(s) 'ctrl_alu_out' declared and are not set.
RTL Name 'ctrl_alu_out', Hierarchy 'waelderMain', File 'C:/Users/rapha/OneDrive/Dokumente/Schule/.Diplomarbeit/WaelederCpuGit/WaelderCPU/waelderCPU_Vivado/waelderCPU.srcs/sources_1/new/waelderMain.vhd', Line 52.
WARNING: [Synth 37-95] [ASSIGN-5]Found scalar variable(s) 'ctrl_ar_in' declared and are not set.
RTL Name 'ctrl_ar_in', Hierarchy 'waelderMain', File 'C:/Users/rapha/OneDrive/Dokumente/Schule/.Diplomarbeit/WaelederCpuGit/WaelderCPU/waelderCPU_Vivado/waelderCPU.srcs/sources_1/new/waelderMain.vhd', Line 69.
WARNING: [Synth 37-95] [ASSIGN-5]Found scalar variable(s) 'ctrl_ar_out' declared and are not set.
RTL Name 'ctrl_ar_out', Hierarchy 'waelderMain', File 'C:/Users/rapha/OneDrive/Dokumente/Schule/.Diplomarbeit/WaelederCpuGit/WaelderCPU/waelderCPU_Vivado/waelderCPU.srcs/sources_1/new/waelderMain.vhd', Line 54.
WARNING: [Synth 37-95] [ASSIGN-5]Found scalar variable(s) 'ctrl_br_in' declared and are not set.
RTL Name 'ctrl_br_in', Hierarchy 'waelderMain', File 'C:/Users/rapha/OneDrive/Dokumente/Schule/.Diplomarbeit/WaelederCpuGit/WaelderCPU/waelderCPU_Vivado/waelderCPU.srcs/sources_1/new/waelderMain.vhd', Line 70.
WARNING: [Synth 37-95] [ASSIGN-5]Found scalar variable(s) 'ctrl_br_out' declared and are not set.
RTL Name 'ctrl_br_out', Hierarchy 'waelderMain', File 'C:/Users/rapha/OneDrive/Dokumente/Schule/.Diplomarbeit/WaelederCpuGit/WaelderCPU/waelderCPU_Vivado/waelderCPU.srcs/sources_1/new/waelderMain.vhd', Line 55.
WARNING: [Synth 37-95] [ASSIGN-5]Found scalar variable(s) 'ctrl_cr_in' declared and are not set.
RTL Name 'ctrl_cr_in', Hierarchy 'waelderMain', File 'C:/Users/rapha/OneDrive/Dokumente/Schule/.Diplomarbeit/WaelederCpuGit/WaelderCPU/waelderCPU_Vivado/waelderCPU.srcs/sources_1/new/waelderMain.vhd', Line 71.
WARNING: [Synth 37-95] [ASSIGN-5]Found scalar variable(s) 'ctrl_cr_out' declared and are not set.
RTL Name 'ctrl_cr_out', Hierarchy 'waelderMain', File 'C:/Users/rapha/OneDrive/Dokumente/Schule/.Diplomarbeit/WaelederCpuGit/WaelderCPU/waelderCPU_Vivado/waelderCPU.srcs/sources_1/new/waelderMain.vhd', Line 56.
WARNING: [Synth 37-95] [ASSIGN-5]Found scalar variable(s) 'ctrl_dr_in' declared and are not set.
RTL Name 'ctrl_dr_in', Hierarchy 'waelderMain', File 'C:/Users/rapha/OneDrive/Dokumente/Schule/.Diplomarbeit/WaelederCpuGit/WaelderCPU/waelderCPU_Vivado/waelderCPU.srcs/sources_1/new/waelderMain.vhd', Line 72.
WARNING: [Synth 37-95] [ASSIGN-5]Found scalar variable(s) 'ctrl_dr_out' declared and are not set.
RTL Name 'ctrl_dr_out', Hierarchy 'waelderMain', File 'C:/Users/rapha/OneDrive/Dokumente/Schule/.Diplomarbeit/WaelederCpuGit/WaelderCPU/waelderCPU_Vivado/waelderCPU.srcs/sources_1/new/waelderMain.vhd', Line 57.
WARNING: [Synth 37-95] [ASSIGN-5]Found scalar variable(s) 'ctrl_er_in' declared and are not set.
RTL Name 'ctrl_er_in', Hierarchy 'waelderMain', File 'C:/Users/rapha/OneDrive/Dokumente/Schule/.Diplomarbeit/WaelederCpuGit/WaelderCPU/waelderCPU_Vivado/waelderCPU.srcs/sources_1/new/waelderMain.vhd', Line 73.
WARNING: [Synth 37-95] [ASSIGN-5]Found scalar variable(s) 'ctrl_er_out' declared and are not set.
RTL Name 'ctrl_er_out', Hierarchy 'waelderMain', File 'C:/Users/rapha/OneDrive/Dokumente/Schule/.Diplomarbeit/WaelederCpuGit/WaelderCPU/waelderCPU_Vivado/waelderCPU.srcs/sources_1/new/waelderMain.vhd', Line 58.
WARNING: [Synth 37-95] [ASSIGN-5]Found scalar variable(s) 'ctrl_hr_in' declared and are not set.
RTL Name 'ctrl_hr_in', Hierarchy 'waelderMain', File 'C:/Users/rapha/OneDrive/Dokumente/Schule/.Diplomarbeit/WaelederCpuGit/WaelderCPU/waelderCPU_Vivado/waelderCPU.srcs/sources_1/new/waelderMain.vhd', Line 75.
WARNING: [Synth 37-95] [ASSIGN-5]Found scalar variable(s) 'ctrl_hr_out' declared and are not set.
RTL Name 'ctrl_hr_out', Hierarchy 'waelderMain', File 'C:/Users/rapha/OneDrive/Dokumente/Schule/.Diplomarbeit/WaelederCpuGit/WaelderCPU/waelderCPU_Vivado/waelderCPU.srcs/sources_1/new/waelderMain.vhd', Line 60.
WARNING: [Synth 37-95] [ASSIGN-5]Found scalar variable(s) 'ctrl_ir_in' declared and are not set.
RTL Name 'ctrl_ir_in', Hierarchy 'waelderMain', File 'C:/Users/rapha/OneDrive/Dokumente/Schule/.Diplomarbeit/WaelederCpuGit/WaelderCPU/waelderCPU_Vivado/waelderCPU.srcs/sources_1/new/waelderMain.vhd', Line 66.
WARNING: [Synth 37-95] [ASSIGN-5]Found scalar variable(s) 'ctrl_ir_out' declared and are not set.
RTL Name 'ctrl_ir_out', Hierarchy 'waelderMain', File 'C:/Users/rapha/OneDrive/Dokumente/Schule/.Diplomarbeit/WaelederCpuGit/WaelderCPU/waelderCPU_Vivado/waelderCPU.srcs/sources_1/new/waelderMain.vhd', Line 51.
WARNING: [Synth 37-95] [ASSIGN-5]Found scalar variable(s) 'ctrl_lr_in' declared and are not set.
RTL Name 'ctrl_lr_in', Hierarchy 'waelderMain', File 'C:/Users/rapha/OneDrive/Dokumente/Schule/.Diplomarbeit/WaelederCpuGit/WaelderCPU/waelderCPU_Vivado/waelderCPU.srcs/sources_1/new/waelderMain.vhd', Line 74.
WARNING: [Synth 37-95] [ASSIGN-5]Found scalar variable(s) 'ctrl_lr_out' declared and are not set.
RTL Name 'ctrl_lr_out', Hierarchy 'waelderMain', File 'C:/Users/rapha/OneDrive/Dokumente/Schule/.Diplomarbeit/WaelederCpuGit/WaelderCPU/waelderCPU_Vivado/waelderCPU.srcs/sources_1/new/waelderMain.vhd', Line 59.
WARNING: [Synth 37-95] [ASSIGN-5]Found scalar variable(s) 'ctrl_mar_h_in' declared and are not set.
RTL Name 'ctrl_mar_h_in', Hierarchy 'waelderMain', File 'C:/Users/rapha/OneDrive/Dokumente/Schule/.Diplomarbeit/WaelederCpuGit/WaelderCPU/waelderCPU_Vivado/waelderCPU.srcs/sources_1/new/waelderMain.vhd', Line 67.
WARNING: [Synth 37-95] [ASSIGN-5]Found scalar variable(s) 'ctrl_mar_l_in' declared and are not set.
RTL Name 'ctrl_mar_l_in', Hierarchy 'waelderMain', File 'C:/Users/rapha/OneDrive/Dokumente/Schule/.Diplomarbeit/WaelederCpuGit/WaelderCPU/waelderCPU_Vivado/waelderCPU.srcs/sources_1/new/waelderMain.vhd', Line 68.
WARNING: [Synth 37-95] [ASSIGN-5]Found scalar variable(s) 'ctrl_mr_in' declared and are not set.
RTL Name 'ctrl_mr_in', Hierarchy 'waelderMain', File 'C:/Users/rapha/OneDrive/Dokumente/Schule/.Diplomarbeit/WaelederCpuGit/WaelderCPU/waelderCPU_Vivado/waelderCPU.srcs/sources_1/new/waelderMain.vhd', Line 76.
WARNING: [Synth 37-95] [ASSIGN-5]Found scalar variable(s) 'ctrl_mr_out' declared and are not set.
RTL Name 'ctrl_mr_out', Hierarchy 'waelderMain', File 'C:/Users/rapha/OneDrive/Dokumente/Schule/.Diplomarbeit/WaelederCpuGit/WaelderCPU/waelderCPU_Vivado/waelderCPU.srcs/sources_1/new/waelderMain.vhd', Line 61.
WARNING: [Synth 37-95] [ASSIGN-5]Found scalar variable(s) 'ctrl_pc_h_in' declared and are not set.
RTL Name 'ctrl_pc_h_in', Hierarchy 'waelderMain', File 'C:/Users/rapha/OneDrive/Dokumente/Schule/.Diplomarbeit/WaelederCpuGit/WaelderCPU/waelderCPU_Vivado/waelderCPU.srcs/sources_1/new/waelderMain.vhd', Line 65.
WARNING: [Synth 37-95] [ASSIGN-5]Found scalar variable(s) 'ctrl_pc_h_out' declared and are not set.
RTL Name 'ctrl_pc_h_out', Hierarchy 'waelderMain', File 'C:/Users/rapha/OneDrive/Dokumente/Schule/.Diplomarbeit/WaelederCpuGit/WaelderCPU/waelderCPU_Vivado/waelderCPU.srcs/sources_1/new/waelderMain.vhd', Line 50.
WARNING: [Synth 37-95] [ASSIGN-5]Found scalar variable(s) 'ctrl_pc_inc' declared and are not set.
RTL Name 'ctrl_pc_inc', Hierarchy 'waelderMain', File 'C:/Users/rapha/OneDrive/Dokumente/Schule/.Diplomarbeit/WaelederCpuGit/WaelderCPU/waelderCPU_Vivado/waelderCPU.srcs/sources_1/new/waelderMain.vhd', Line 104.
WARNING: [Synth 37-95] [ASSIGN-5]Found scalar variable(s) 'ctrl_pc_l_in' declared and are not set.
RTL Name 'ctrl_pc_l_in', Hierarchy 'waelderMain', File 'C:/Users/rapha/OneDrive/Dokumente/Schule/.Diplomarbeit/WaelederCpuGit/WaelderCPU/waelderCPU_Vivado/waelderCPU.srcs/sources_1/new/waelderMain.vhd', Line 64.
WARNING: [Synth 37-95] [ASSIGN-5]Found scalar variable(s) 'ctrl_pc_l_out' declared and are not set.
RTL Name 'ctrl_pc_l_out', Hierarchy 'waelderMain', File 'C:/Users/rapha/OneDrive/Dokumente/Schule/.Diplomarbeit/WaelederCpuGit/WaelderCPU/waelderCPU_Vivado/waelderCPU.srcs/sources_1/new/waelderMain.vhd', Line 49.
WARNING: [Synth 37-95] [ASSIGN-5]Found scalar variable(s) 'ctrl_ram_in' declared and are not set.
RTL Name 'ctrl_ram_in', Hierarchy 'waelderMain', File 'C:/Users/rapha/OneDrive/Dokumente/Schule/.Diplomarbeit/WaelederCpuGit/WaelderCPU/waelderCPU_Vivado/waelderCPU.srcs/sources_1/new/waelderMain.vhd', Line 77.
WARNING: [Synth 37-95] [ASSIGN-5]Found scalar variable(s) 'ctrl_ram_out' declared and are not set.
RTL Name 'ctrl_ram_out', Hierarchy 'waelderMain', File 'C:/Users/rapha/OneDrive/Dokumente/Schule/.Diplomarbeit/WaelederCpuGit/WaelderCPU/waelderCPU_Vivado/waelderCPU.srcs/sources_1/new/waelderMain.vhd', Line 53.
WARNING: [Synth 37-124] [ASSIGN-5]Some bits in 'pc_h' are not set. First unset bit index is 0. 
RTL Name 'pc_h', Hierarchy 'waelderMain', File 'waelderMain.vhd', Line 108.
WARNING: [Synth 37-124] [ASSIGN-5]Some bits in 'pc_l' are not set. First unset bit index is 0. 
RTL Name 'pc_l', Hierarchy 'waelderMain', File 'waelderMain.vhd', Line 109.
WARNING: [Synth 37-95] [ASSIGN-5]Found scalar variable(s) 'pc_load_h' declared and are not set.
RTL Name 'pc_load_h', Hierarchy 'waelderMain', File 'C:/Users/rapha/OneDrive/Dokumente/Schule/.Diplomarbeit/WaelederCpuGit/WaelderCPU/waelderCPU_Vivado/waelderCPU.srcs/sources_1/new/waelderMain.vhd', Line 110.
WARNING: [Synth 37-95] [ASSIGN-5]Found scalar variable(s) 'pc_load_l' declared and are not set.
RTL Name 'pc_load_l', Hierarchy 'waelderMain', File 'C:/Users/rapha/OneDrive/Dokumente/Schule/.Diplomarbeit/WaelederCpuGit/WaelderCPU/waelderCPU_Vivado/waelderCPU.srcs/sources_1/new/waelderMain.vhd', Line 111.
WARNING: [Synth 37-124] [ASSIGN-5]Some bits in 'pc_next' are not set. First unset bit index is 0. 
RTL Name 'pc_next', Hierarchy 'waelderMain', File 'waelderMain.vhd', Line 103.
WARNING: [Synth 37-124] [ASSIGN-5]Some bits in 'x' are not set. First unset bit index is 0. 
RTL Name 'x', Hierarchy 'waelderMain', File 'waelderMain.vhd', Line 144.
WARNING: [Synth 37-124] [ASSIGN-5]Some bits in 'y' are not set. First unset bit index is 0. 
RTL Name 'y', Hierarchy 'waelderMain', File 'waelderMain.vhd', Line 145.
WARNING: [Synth 37-124] [ASSIGN-5]Some bits in 'z' are not set. First unset bit index is 0. 
RTL Name 'z', Hierarchy 'waelderMain', File 'waelderMain.vhd', Line 146.
WARNING: [Synth 37-93] [ASSIGN-6]Signal 'current_instr' was assigned but not read. 
RTL Name 'current_instr', Hierarchy 'waelderMain', File 'C:/Users/rapha/OneDrive/Dokumente/Schule/.Diplomarbeit/WaelederCpuGit/WaelderCPU/waelderCPU_Vivado/waelderCPU.srcs/sources_1/new/waelderMain.vhd', Line 141.
WARNING: [Synth 37-93] [ASSIGN-6]Signal 'f_parity' was assigned but not read. 
RTL Name 'f_parity', Hierarchy 'waelderMain', File 'C:/Users/rapha/OneDrive/Dokumente/Schule/.Diplomarbeit/WaelederCpuGit/WaelderCPU/waelderCPU_Vivado/waelderCPU.srcs/sources_1/new/waelderMain.vhd', Line 126.
WARNING: [Synth 37-93] [ASSIGN-6]Signal 'f_sign' was assigned but not read. 
RTL Name 'f_sign', Hierarchy 'waelderMain', File 'C:/Users/rapha/OneDrive/Dokumente/Schule/.Diplomarbeit/WaelederCpuGit/WaelderCPU/waelderCPU_Vivado/waelderCPU.srcs/sources_1/new/waelderMain.vhd', Line 127.
WARNING: [Synth 37-93] [ASSIGN-6]Signal 'f_zero' was assigned but not read. 
RTL Name 'f_zero', Hierarchy 'waelderMain', File 'C:/Users/rapha/OneDrive/Dokumente/Schule/.Diplomarbeit/WaelederCpuGit/WaelderCPU/waelderCPU_Vivado/waelderCPU.srcs/sources_1/new/waelderMain.vhd', Line 125.
WARNING: [Synth 37-93] [ASSIGN-6]Signal 'm_reg' was assigned but not read. 
RTL Name 'm_reg', Hierarchy 'waelderMain', File 'C:/Users/rapha/OneDrive/Dokumente/Schule/.Diplomarbeit/WaelederCpuGit/WaelderCPU/waelderCPU_Vivado/waelderCPU.srcs/sources_1/new/waelderMain.vhd', Line 93.
WARNING: [Synth 37-126] [ASSIGN-9]Some bits in IO 'data_out' are not set. First unset bit index is 0. 
RTL Name 'data_out', Hierarchy 'waelderMain', File 'waelderMain.vhd', Line 35.
WARNING: [Synth 37-125] [ASSIGN-10]Some bits in IO 'data_in' are not read. First unread bit index is 0. 
RTL Name 'data_in', Hierarchy 'waelderMain', File 'waelderMain.vhd', Line 34.
CRITICAL WARNING: [Synth 37-113] [INFER-4]Combination loop detected on 'data_bus' at '0' bit. 
Hierarchy 'waelderMain', File 'C:/Users/rapha/OneDrive/Dokumente/Schule/.Diplomarbeit/WaelederCpuGit/WaelderCPU/waelderCPU_Vivado/waelderCPU.srcs/sources_1/new/waelderMain.vhd', Line 97.
INFO: [Synth 37-85] Total of 49 linter message(s) generated.
INFO: [Synth 37-45] Linter Run Finished!
Synthesis Optimization Runtime : Time (s): cpu = 00:00:21 ; elapsed = 00:00:18 . Memory (MB): peak = 2240.945 ; gain = 584.555
INFO: [Common 17-83] Releasing license: Synthesis
11 Infos, 69 Warnings, 1 Critical Warnings and 0 Errors encountered.
synth_design completed successfully
synth_design: Time (s): cpu = 00:00:21 ; elapsed = 00:00:19 . Memory (MB): peak = 2240.945 ; gain = 584.555
