
*** Running vivado
    with args -log waelderMain.vds -m64 -product Vivado -mode batch -messageDb vivado.pb -notrace -source waelderMain.tcl



****** Vivado v2025.1 (64-bit)
  **** SW Build 6140274 on Thu May 22 00:12:29 MDT 2025
  **** IP Build 6138677 on Thu May 22 03:10:11 MDT 2025
  **** SharedData Build 6139179 on Tue May 20 17:58:58 MDT 2025
  **** Start of session at: Wed Dec 31 10:40:05 2025
    ** Copyright 1986-2022 Xilinx, Inc. All Rights Reserved.
    ** Copyright 2022-2025 Advanced Micro Devices, Inc. All Rights Reserved.

source waelderMain.tcl -notrace
create_project: Time (s): cpu = 00:00:18 ; elapsed = 00:00:11 . Memory (MB): peak = 507.457 ; gain = 214.777
Command: read_checkpoint -auto_incremental -incremental C:/Users/rapha/OneDrive/Dokumente/Schule/.Diplomarbeit/WaelederCpuGit/WaelderCPU/waelderCPU_Vivado/waelderCPU.srcs/utils_1/imports/synth_1/waelderMain.dcp
INFO: [Vivado 12-5825] Read reference checkpoint from C:/Users/rapha/OneDrive/Dokumente/Schule/.Diplomarbeit/WaelederCpuGit/WaelderCPU/waelderCPU_Vivado/waelderCPU.srcs/utils_1/imports/synth_1/waelderMain.dcp for incremental synthesis
INFO: [Vivado 12-7989] Please ensure there are no constraint changes
Command: synth_design -top waelderMain -part xc7s50csga324-1
Starting synth_design
Attempting to get a license for feature 'Synthesis' and/or device 'xc7s50'
INFO: [Common 17-349] Got license for feature 'Synthesis' and/or device 'xc7s50'
INFO: [Designutils 20-5440] No compile time benefit to using incremental synthesis; A full resynthesis will be run
INFO: [Designutils 20-4379] Flow is switching to default flow due to incremental criteria not met. If you would like to alter this behaviour and have the flow terminate instead, please set the following parameter config_implementation {autoIncr.Synth.RejectBehavior Terminate}
INFO: [Synth 8-7079] Multithreading enabled for synth_design using a maximum of 2 processes.
INFO: [Synth 8-7078] Launching helper process for spawning children vivado processes
INFO: [Synth 8-7075] Helper process launched with PID 23488
---------------------------------------------------------------------------------
Starting Synthesize : Time (s): cpu = 00:00:11 ; elapsed = 00:00:12 . Memory (MB): peak = 1014.242 ; gain = 493.883
---------------------------------------------------------------------------------
INFO: [Synth 8-638] synthesizing module 'waelderMain' [C:/Users/rapha/OneDrive/Dokumente/Schule/.Diplomarbeit/WaelederCpuGit/WaelderCPU/waelderCPU_Vivado/waelderCPU.srcs/sources_1/new/waelderMain.vhd:36]
WARNING: [Synth 8-614] signal 'pc' is read in the process but is not in the sensitivity list [C:/Users/rapha/OneDrive/Dokumente/Schule/.Diplomarbeit/WaelederCpuGit/WaelderCPU/waelderCPU_Vivado/waelderCPU.srcs/sources_1/new/waelderMain.vhd:116]
WARNING: [Synth 8-614] signal 'ir' is read in the process but is not in the sensitivity list [C:/Users/rapha/OneDrive/Dokumente/Schule/.Diplomarbeit/WaelederCpuGit/WaelderCPU/waelderCPU_Vivado/waelderCPU.srcs/sources_1/new/waelderMain.vhd:116]
WARNING: [Synth 8-614] signal 'a_reg' is read in the process but is not in the sensitivity list [C:/Users/rapha/OneDrive/Dokumente/Schule/.Diplomarbeit/WaelederCpuGit/WaelderCPU/waelderCPU_Vivado/waelderCPU.srcs/sources_1/new/waelderMain.vhd:116]
WARNING: [Synth 8-614] signal 'b_reg' is read in the process but is not in the sensitivity list [C:/Users/rapha/OneDrive/Dokumente/Schule/.Diplomarbeit/WaelederCpuGit/WaelderCPU/waelderCPU_Vivado/waelderCPU.srcs/sources_1/new/waelderMain.vhd:116]
WARNING: [Synth 8-614] signal 'c_reg' is read in the process but is not in the sensitivity list [C:/Users/rapha/OneDrive/Dokumente/Schule/.Diplomarbeit/WaelederCpuGit/WaelderCPU/waelderCPU_Vivado/waelderCPU.srcs/sources_1/new/waelderMain.vhd:116]
WARNING: [Synth 8-614] signal 'd_reg' is read in the process but is not in the sensitivity list [C:/Users/rapha/OneDrive/Dokumente/Schule/.Diplomarbeit/WaelederCpuGit/WaelderCPU/waelderCPU_Vivado/waelderCPU.srcs/sources_1/new/waelderMain.vhd:116]
WARNING: [Synth 8-614] signal 'e_reg' is read in the process but is not in the sensitivity list [C:/Users/rapha/OneDrive/Dokumente/Schule/.Diplomarbeit/WaelederCpuGit/WaelderCPU/waelderCPU_Vivado/waelderCPU.srcs/sources_1/new/waelderMain.vhd:116]
WARNING: [Synth 8-614] signal 'h_reg' is read in the process but is not in the sensitivity list [C:/Users/rapha/OneDrive/Dokumente/Schule/.Diplomarbeit/WaelederCpuGit/WaelderCPU/waelderCPU_Vivado/waelderCPU.srcs/sources_1/new/waelderMain.vhd:116]
WARNING: [Synth 8-614] signal 'l_reg' is read in the process but is not in the sensitivity list [C:/Users/rapha/OneDrive/Dokumente/Schule/.Diplomarbeit/WaelederCpuGit/WaelderCPU/waelderCPU_Vivado/waelderCPU.srcs/sources_1/new/waelderMain.vhd:116]
WARNING: [Synth 8-614] signal 'alu_result' is read in the process but is not in the sensitivity list [C:/Users/rapha/OneDrive/Dokumente/Schule/.Diplomarbeit/WaelederCpuGit/WaelderCPU/waelderCPU_Vivado/waelderCPU.srcs/sources_1/new/waelderMain.vhd:116]
INFO: [Synth 8-256] done synthesizing module 'waelderMain' (0#1) [C:/Users/rapha/OneDrive/Dokumente/Schule/.Diplomarbeit/WaelederCpuGit/WaelderCPU/waelderCPU_Vivado/waelderCPU.srcs/sources_1/new/waelderMain.vhd:36]
WARNING: [Synth 8-3848] Net data_out in module/entity waelderMain does not have driver. [C:/Users/rapha/OneDrive/Dokumente/Schule/.Diplomarbeit/WaelederCpuGit/WaelderCPU/waelderCPU_Vivado/waelderCPU.srcs/sources_1/new/waelderMain.vhd:32]
WARNING: [Synth 8-3330] design waelderMain has an empty top module
WARNING: [Synth 8-7129] Port data_out[7] in module waelderMain is either unconnected or has no load
WARNING: [Synth 8-7129] Port data_out[6] in module waelderMain is either unconnected or has no load
WARNING: [Synth 8-7129] Port data_out[5] in module waelderMain is either unconnected or has no load
WARNING: [Synth 8-7129] Port data_out[4] in module waelderMain is either unconnected or has no load
WARNING: [Synth 8-7129] Port data_out[3] in module waelderMain is either unconnected or has no load
WARNING: [Synth 8-7129] Port data_out[2] in module waelderMain is either unconnected or has no load
WARNING: [Synth 8-7129] Port data_out[1] in module waelderMain is either unconnected or has no load
WARNING: [Synth 8-7129] Port data_out[0] in module waelderMain is either unconnected or has no load
WARNING: [Synth 8-7129] Port clk in module waelderMain is either unconnected or has no load
WARNING: [Synth 8-7129] Port reset in module waelderMain is either unconnected or has no load
WARNING: [Synth 8-7129] Port data_in[7] in module waelderMain is either unconnected or has no load
WARNING: [Synth 8-7129] Port data_in[6] in module waelderMain is either unconnected or has no load
WARNING: [Synth 8-7129] Port data_in[5] in module waelderMain is either unconnected or has no load
WARNING: [Synth 8-7129] Port data_in[4] in module waelderMain is either unconnected or has no load
WARNING: [Synth 8-7129] Port data_in[3] in module waelderMain is either unconnected or has no load
WARNING: [Synth 8-7129] Port data_in[2] in module waelderMain is either unconnected or has no load
WARNING: [Synth 8-7129] Port data_in[1] in module waelderMain is either unconnected or has no load
WARNING: [Synth 8-7129] Port data_in[0] in module waelderMain is either unconnected or has no load
---------------------------------------------------------------------------------
Finished Synthesize : Time (s): cpu = 00:00:14 ; elapsed = 00:00:16 . Memory (MB): peak = 1120.281 ; gain = 599.922
---------------------------------------------------------------------------------
---------------------------------------------------------------------------------
Finished Constraint Validation : Time (s): cpu = 00:00:15 ; elapsed = 00:00:18 . Memory (MB): peak = 1120.281 ; gain = 599.922
---------------------------------------------------------------------------------
---------------------------------------------------------------------------------
Start Loading Part and Timing Information
---------------------------------------------------------------------------------
Loading part: xc7s50csga324-1
INFO: [Device 21-403] Loading part xc7s50csga324-1
---------------------------------------------------------------------------------
Finished Loading Part and Timing Information : Time (s): cpu = 00:00:15 ; elapsed = 00:00:18 . Memory (MB): peak = 1120.281 ; gain = 599.922
---------------------------------------------------------------------------------
---------------------------------------------------------------------------------
Finished RTL Optimization Phase 2 : Time (s): cpu = 00:00:16 ; elapsed = 00:00:18 . Memory (MB): peak = 1120.281 ; gain = 599.922
---------------------------------------------------------------------------------
No constraint files found.
---------------------------------------------------------------------------------
Start RTL Component Statistics 
---------------------------------------------------------------------------------
Detailed RTL Component Info : 
---------------------------------------------------------------------------------
Finished RTL Component Statistics 
---------------------------------------------------------------------------------
---------------------------------------------------------------------------------
Start Part Resource Summary
---------------------------------------------------------------------------------
Part Resources:
DSPs: 120 (col length:60)
BRAMs: 150 (col length: RAMB18 60 RAMB36 30)
---------------------------------------------------------------------------------
Finished Part Resource Summary
---------------------------------------------------------------------------------
No constraint files found.
---------------------------------------------------------------------------------
Start Cross Boundary and Area Optimization
---------------------------------------------------------------------------------
WARNING: [Synth 8-7080] Parallel synthesis criteria is not met
WARNING: [Synth 8-3330] design waelderMain has an empty top module
WARNING: [Synth 8-7129] Port data_out[7] in module waelderMain is either unconnected or has no load
WARNING: [Synth 8-7129] Port data_out[6] in module waelderMain is either unconnected or has no load
WARNING: [Synth 8-7129] Port data_out[5] in module waelderMain is either unconnected or has no load
WARNING: [Synth 8-7129] Port data_out[4] in module waelderMain is either unconnected or has no load
WARNING: [Synth 8-7129] Port data_out[3] in module waelderMain is either unconnected or has no load
WARNING: [Synth 8-7129] Port data_out[2] in module waelderMain is either unconnected or has no load
WARNING: [Synth 8-7129] Port data_out[1] in module waelderMain is either unconnected or has no load
WARNING: [Synth 8-7129] Port data_out[0] in module waelderMain is either unconnected or has no load
WARNING: [Synth 8-7129] Port clk in module waelderMain is either unconnected or has no load
WARNING: [Synth 8-7129] Port reset in module waelderMain is either unconnected or has no load
WARNING: [Synth 8-7129] Port data_in[7] in module waelderMain is either unconnected or has no load
WARNING: [Synth 8-7129] Port data_in[6] in module waelderMain is either unconnected or has no load
WARNING: [Synth 8-7129] Port data_in[5] in module waelderMain is either unconnected or has no load
WARNING: [Synth 8-7129] Port data_in[4] in module waelderMain is either unconnected or has no load
WARNING: [Synth 8-7129] Port data_in[3] in module waelderMain is either unconnected or has no load
WARNING: [Synth 8-7129] Port data_in[2] in module waelderMain is either unconnected or has no load
WARNING: [Synth 8-7129] Port data_in[1] in module waelderMain is either unconnected or has no load
WARNING: [Synth 8-7129] Port data_in[0] in module waelderMain is either unconnected or has no load
---------------------------------------------------------------------------------
Finished Cross Boundary and Area Optimization : Time (s): cpu = 00:00:23 ; elapsed = 00:00:59 . Memory (MB): peak = 1251.426 ; gain = 731.066
---------------------------------------------------------------------------------
No constraint files found.
---------------------------------------------------------------------------------
Start Timing Optimization
---------------------------------------------------------------------------------
---------------------------------------------------------------------------------
Finished Timing Optimization : Time (s): cpu = 00:00:24 ; elapsed = 00:00:59 . Memory (MB): peak = 1276.305 ; gain = 755.945
---------------------------------------------------------------------------------
---------------------------------------------------------------------------------
Start Technology Mapping
---------------------------------------------------------------------------------
---------------------------------------------------------------------------------
Finished Technology Mapping : Time (s): cpu = 00:00:24 ; elapsed = 00:00:59 . Memory (MB): peak = 1276.305 ; gain = 755.945
---------------------------------------------------------------------------------
---------------------------------------------------------------------------------
Start IO Insertion
---------------------------------------------------------------------------------
---------------------------------------------------------------------------------
Start Flattening Before IO Insertion
---------------------------------------------------------------------------------
---------------------------------------------------------------------------------
Finished Flattening Before IO Insertion
---------------------------------------------------------------------------------
---------------------------------------------------------------------------------
Start Final Netlist Cleanup
---------------------------------------------------------------------------------
---------------------------------------------------------------------------------
Finished Final Netlist Cleanup
---------------------------------------------------------------------------------
---------------------------------------------------------------------------------
Finished IO Insertion : Time (s): cpu = 00:00:39 ; elapsed = 00:01:15 . Memory (MB): peak = 1496.570 ; gain = 976.211
---------------------------------------------------------------------------------
---------------------------------------------------------------------------------
Start Renaming Generated Instances
---------------------------------------------------------------------------------
---------------------------------------------------------------------------------
Finished Renaming Generated Instances : Time (s): cpu = 00:00:39 ; elapsed = 00:01:15 . Memory (MB): peak = 1496.570 ; gain = 976.211
---------------------------------------------------------------------------------
---------------------------------------------------------------------------------
Start Rebuilding User Hierarchy
---------------------------------------------------------------------------------
---------------------------------------------------------------------------------
Finished Rebuilding User Hierarchy : Time (s): cpu = 00:00:39 ; elapsed = 00:01:15 . Memory (MB): peak = 1496.570 ; gain = 976.211
---------------------------------------------------------------------------------
---------------------------------------------------------------------------------
Start Renaming Generated Ports
---------------------------------------------------------------------------------
---------------------------------------------------------------------------------
Finished Renaming Generated Ports : Time (s): cpu = 00:00:39 ; elapsed = 00:01:15 . Memory (MB): peak = 1496.570 ; gain = 976.211
---------------------------------------------------------------------------------
---------------------------------------------------------------------------------
Start Handling Custom Attributes
---------------------------------------------------------------------------------
---------------------------------------------------------------------------------
Finished Handling Custom Attributes : Time (s): cpu = 00:00:39 ; elapsed = 00:01:15 . Memory (MB): peak = 1496.570 ; gain = 976.211
---------------------------------------------------------------------------------
---------------------------------------------------------------------------------
Start Renaming Generated Nets
---------------------------------------------------------------------------------
---------------------------------------------------------------------------------
Finished Renaming Generated Nets : Time (s): cpu = 00:00:39 ; elapsed = 00:01:15 . Memory (MB): peak = 1496.570 ; gain = 976.211
---------------------------------------------------------------------------------
---------------------------------------------------------------------------------
Start Writing Synthesis Report
---------------------------------------------------------------------------------

Report BlackBoxes: 
+-+--------------+----------+
| |BlackBox name |Instances |
+-+--------------+----------+
+-+--------------+----------+

Report Cell Usage: 
+------+------+------+
|      |Cell  |Count |
+------+------+------+
|1     |OBUFT |     8|
+------+------+------+

Report Instance Areas: 
+------+---------+-------+------+
|      |Instance |Module |Cells |
+------+---------+-------+------+
|1     |top      |       |     8|
+------+---------+-------+------+
---------------------------------------------------------------------------------
Finished Writing Synthesis Report : Time (s): cpu = 00:00:39 ; elapsed = 00:01:15 . Memory (MB): peak = 1496.570 ; gain = 976.211
---------------------------------------------------------------------------------
Synthesis finished with 0 errors, 0 critical warnings and 50 warnings.
Synthesis Optimization Runtime : Time (s): cpu = 00:00:39 ; elapsed = 00:01:15 . Memory (MB): peak = 1496.570 ; gain = 976.211
Synthesis Optimization Complete : Time (s): cpu = 00:00:39 ; elapsed = 00:01:15 . Memory (MB): peak = 1496.570 ; gain = 976.211
INFO: [Project 1-571] Translating synthesized netlist
Netlist sorting complete. Time (s): cpu = 00:00:00 ; elapsed = 00:00:00 . Memory (MB): peak = 1511.605 ; gain = 0.000
INFO: [Project 1-570] Preparing netlist for logic optimization
INFO: [Opt 31-138] Pushed 0 inverter(s) to 0 load pin(s).
Netlist sorting complete. Time (s): cpu = 00:00:00 ; elapsed = 00:00:00 . Memory (MB): peak = 1622.707 ; gain = 0.000
INFO: [Project 1-111] Unisim Transformation Summary:
No Unisim elements were transformed.

Synth Design complete | Checksum: 25fb9464
INFO: [Common 17-83] Releasing license: Synthesis
16 Infos, 50 Warnings, 0 Critical Warnings and 0 Errors encountered.
synth_design completed successfully
synth_design: Time (s): cpu = 00:00:42 ; elapsed = 00:01:21 . Memory (MB): peak = 1622.707 ; gain = 1109.383
Write ShapeDB Complete: Time (s): cpu = 00:00:00 ; elapsed = 00:00:00.004 . Memory (MB): peak = 1622.707 ; gain = 0.000
INFO: [Common 17-1381] The checkpoint 'C:/Users/rapha/OneDrive/Dokumente/Schule/.Diplomarbeit/WaelederCpuGit/WaelderCPU/waelderCPU_Vivado/waelderCPU.runs/synth_1/waelderMain.dcp' has been generated.
INFO: [Vivado 12-24828] Executing command : report_utilization -file waelderMain_utilization_synth.rpt -pb waelderMain_utilization_synth.pb
INFO: [Common 17-206] Exiting Vivado at Wed Dec 31 10:41:43 2025...
